
FILE: ...erver-16.1\eds-www\statb\src\Controller\ClassementController.php
----------------------------------------------------------------------
FOUND 1 ERROR AFFECTING 1 LINE
----------------------------------------------------------------------
 1 | ERROR | [x] End of line character is invalid; expected "\n" but
   |       |     found "\r\n"
----------------------------------------------------------------------
PHPCBF CAN FIX THE 1 MARKED SNIFF VIOLATIONS AUTOMATICALLY
----------------------------------------------------------------------


FILE: ...-Devserver-16.1\eds-www\statb\src\Controller\DefisController.php
----------------------------------------------------------------------
FOUND 1 ERROR AFFECTING 1 LINE
----------------------------------------------------------------------
 1 | ERROR | [x] End of line character is invalid; expected "\n" but
   |       |     found "\r\n"
----------------------------------------------------------------------
PHPCBF CAN FIX THE 1 MARKED SNIFF VIOLATIONS AUTOMATICALLY
----------------------------------------------------------------------


FILE: ...Devserver-16.1\eds-www\statb\src\Controller\EquipeController.php
----------------------------------------------------------------------
FOUND 1 ERROR AFFECTING 1 LINE
----------------------------------------------------------------------
 1 | ERROR | [x] End of line character is invalid; expected "\n" but
   |       |     found "\r\n"
----------------------------------------------------------------------
PHPCBF CAN FIX THE 1 MARKED SNIFF VIOLATIONS AUTOMATICALLY
----------------------------------------------------------------------


FILE: ...-Devserver-16.1\eds-www\statb\src\Controller\MatchController.php
----------------------------------------------------------------------
FOUND 1 ERROR AFFECTING 1 LINE
----------------------------------------------------------------------
 1 | ERROR | [x] End of line character is invalid; expected "\n" but
   |       |     found "\r\n"
----------------------------------------------------------------------
PHPCBF CAN FIX THE 1 MARKED SNIFF VIOLATIONS AUTOMATICALLY
----------------------------------------------------------------------


FILE: ...-Devserver-16.1\eds-www\statb\src\Controller\PrimeController.php
----------------------------------------------------------------------
FOUND 1 ERROR AFFECTING 1 LINE
----------------------------------------------------------------------
 1 | ERROR | [x] End of line character is invalid; expected "\n" but
   |       |     found "\r\n"
----------------------------------------------------------------------
PHPCBF CAN FIX THE 1 MARKED SNIFF VIOLATIONS AUTOMATICALLY
----------------------------------------------------------------------


FILE: ...Devserver-16.1\eds-www\statb\src\Controller\StatBBController.php
----------------------------------------------------------------------
FOUND 1 ERROR AFFECTING 1 LINE
----------------------------------------------------------------------
 1 | ERROR | [x] End of line character is invalid; expected "\n" but
   |       |     found "\r\n"
----------------------------------------------------------------------
PHPCBF CAN FIX THE 1 MARKED SNIFF VIOLATIONS AUTOMATICALLY
----------------------------------------------------------------------


FILE: ...rver-16.1\eds-www\statb\src\Controller\UtilisateurController.php
----------------------------------------------------------------------
FOUND 1 ERROR AFFECTING 1 LINE
----------------------------------------------------------------------
 1 | ERROR | [x] End of line character is invalid; expected "\n" but
   |       |     found "\r\n"
----------------------------------------------------------------------
PHPCBF CAN FIX THE 1 MARKED SNIFF VIOLATIONS AUTOMATICALLY
----------------------------------------------------------------------


FILE: ...x86)\EasyPHP-Devserver-16.1\eds-www\statb\src\Entity\Players.php
----------------------------------------------------------------------
FOUND 1 ERROR AFFECTING 1 LINE
----------------------------------------------------------------------
 1 | ERROR | [x] End of line character is invalid; expected "\n" but
   |       |     found "\r\n"
----------------------------------------------------------------------
PHPCBF CAN FIX THE 1 MARKED SNIFF VIOLATIONS AUTOMATICALLY
----------------------------------------------------------------------


FILE: ...EasyPHP-Devserver-16.1\eds-www\statb\src\Factory\DefiFactory.php
----------------------------------------------------------------------
FOUND 1 ERROR AFFECTING 1 LINE
----------------------------------------------------------------------
 1 | ERROR | [x] End of line character is invalid; expected "\n" but
   |       |     found "\r\n"
----------------------------------------------------------------------
PHPCBF CAN FIX THE 1 MARKED SNIFF VIOLATIONS AUTOMATICALLY
----------------------------------------------------------------------


FILE: ...HP-Devserver-16.1\eds-www\statb\src\Factory\MatchDataFactory.php
----------------------------------------------------------------------
FOUND 1 ERROR AFFECTING 1 LINE
----------------------------------------------------------------------
 1 | ERROR | [x] End of line character is invalid; expected "\n" but
   |       |     found "\r\n"
----------------------------------------------------------------------
PHPCBF CAN FIX THE 1 MARKED SNIFF VIOLATIONS AUTOMATICALLY
----------------------------------------------------------------------


FILE: ...yPHP-Devserver-16.1\eds-www\statb\src\Factory\MatchesFactory.php
----------------------------------------------------------------------
FOUND 1 ERROR AFFECTING 1 LINE
----------------------------------------------------------------------
 1 | ERROR | [x] End of line character is invalid; expected "\n" but
   |       |     found "\r\n"
----------------------------------------------------------------------
PHPCBF CAN FIX THE 1 MARKED SNIFF VIOLATIONS AUTOMATICALLY
----------------------------------------------------------------------


FILE: ...syPHP-Devserver-16.1\eds-www\statb\src\Factory\PlayerFactory.php
----------------------------------------------------------------------
FOUND 1 ERROR AFFECTING 1 LINE
----------------------------------------------------------------------
 1 | ERROR | [x] End of line character is invalid; expected "\n" but
   |       |     found "\r\n"
----------------------------------------------------------------------
PHPCBF CAN FIX THE 1 MARKED SNIFF VIOLATIONS AUTOMATICALLY
----------------------------------------------------------------------


FILE: ...asyPHP-Devserver-16.1\eds-www\statb\src\Factory\TeamsFactory.php
----------------------------------------------------------------------
FOUND 1 ERROR AFFECTING 1 LINE
----------------------------------------------------------------------
 1 | ERROR | [x] End of line character is invalid; expected "\n" but
   |       |     found "\r\n"
----------------------------------------------------------------------
PHPCBF CAN FIX THE 1 MARKED SNIFF VIOLATIONS AUTOMATICALLY
----------------------------------------------------------------------


FILE: ...asyPHP-Devserver-16.1\eds-www\statb\src\Form\AjoutJoueurType.php
----------------------------------------------------------------------
FOUND 1 ERROR AFFECTING 1 LINE
----------------------------------------------------------------------
 1 | ERROR | [x] End of line character is invalid; expected "\n" but
   |       |     found "\r\n"
----------------------------------------------------------------------
PHPCBF CAN FIX THE 1 MARKED SNIFF VIOLATIONS AUTOMATICALLY
----------------------------------------------------------------------


FILE: ...evserver-16.1\eds-www\statb\src\Repository\CoachesRepository.php
----------------------------------------------------------------------
FOUND 1 ERROR AFFECTING 1 LINE
----------------------------------------------------------------------
 34 | ERROR | [x] The closing brace for the class must go on the next
    |       |     line after the body
----------------------------------------------------------------------
PHPCBF CAN FIX THE 1 MARKED SNIFF VIOLATIONS AUTOMATICALLY
----------------------------------------------------------------------


FILE: ...server-16.1\eds-www\statb\src\Repository\MatchDataRepository.php
----------------------------------------------------------------------
FOUND 0 ERRORS AND 1 WARNING AFFECTING 1 LINE
----------------------------------------------------------------------
 100 | WARNING | Line exceeds 120 characters; contains 187 characters
----------------------------------------------------------------------


FILE: ...evserver-16.1\eds-www\statb\src\Repository\MatchesRepository.php
----------------------------------------------------------------------
FOUND 1 ERROR AFFECTING 1 LINE
----------------------------------------------------------------------
 1 | ERROR | [x] End of line character is invalid; expected "\n" but
   |       |     found "\r\n"
----------------------------------------------------------------------
PHPCBF CAN FIX THE 1 MARKED SNIFF VIOLATIONS AUTOMATICALLY
----------------------------------------------------------------------


FILE: ...evserver-16.1\eds-www\statb\src\Repository\PlayersRepository.php
----------------------------------------------------------------------
FOUND 1 ERROR AFFECTING 1 LINE
----------------------------------------------------------------------
 1 | ERROR | [x] End of line character is invalid; expected "\n" but
   |       |     found "\r\n"
----------------------------------------------------------------------
PHPCBF CAN FIX THE 1 MARKED SNIFF VIOLATIONS AUTOMATICALLY
----------------------------------------------------------------------


FILE: ...P-Devserver-16.1\eds-www\statb\src\Service\ClassementService.php
----------------------------------------------------------------------
FOUND 1 ERROR AND 1 WARNING AFFECTING 2 LINES
----------------------------------------------------------------------
 209 | WARNING | [ ] Line exceeds 120 characters; contains 122
     |         |     characters
 283 | ERROR   | [x] The closing brace for the class must go on the
     |         |     next line after the body
----------------------------------------------------------------------
PHPCBF CAN FIX THE 1 MARKED SNIFF VIOLATIONS AUTOMATICALLY
----------------------------------------------------------------------


FILE: ...asyPHP-Devserver-16.1\eds-www\statb\src\Service\DefisService.php
----------------------------------------------------------------------
FOUND 1 ERROR AFFECTING 1 LINE
----------------------------------------------------------------------
 1 | ERROR | [x] End of line character is invalid; expected "\n" but
   |       |     found "\r\n"
----------------------------------------------------------------------
PHPCBF CAN FIX THE 1 MARKED SNIFF VIOLATIONS AUTOMATICALLY
----------------------------------------------------------------------


FILE: ...syPHP-Devserver-16.1\eds-www\statb\src\Service\EquipeService.php
----------------------------------------------------------------------
FOUND 4 ERRORS AFFECTING 4 LINES
----------------------------------------------------------------------
   1 | ERROR | [x] End of line character is invalid; expected "\n"
     |       |     but found "\r\n"
 449 | ERROR | [x] Multi-line function call not indented correctly;
     |       |     expected 16 spaces but found 20
 450 | ERROR | [x] Multi-line function call not indented correctly;
     |       |     expected 16 spaces but found 20
 451 | ERROR | [x] Multi-line function call not indented correctly;
     |       |     expected 12 spaces but found 16
----------------------------------------------------------------------
PHPCBF CAN FIX THE 4 MARKED SNIFF VIOLATIONS AUTOMATICALLY
----------------------------------------------------------------------


FILE: ...HP-Devserver-16.1\eds-www\statb\src\Service\MatchDataService.php
----------------------------------------------------------------------
FOUND 1 ERROR AFFECTING 1 LINE
----------------------------------------------------------------------
 1 | ERROR | [x] End of line character is invalid; expected "\n" but
   |       |     found "\r\n"
----------------------------------------------------------------------
PHPCBF CAN FIX THE 1 MARKED SNIFF VIOLATIONS AUTOMATICALLY
----------------------------------------------------------------------


FILE: ...yPHP-Devserver-16.1\eds-www\statb\src\Service\MatchesService.php
----------------------------------------------------------------------
FOUND 1 ERROR AFFECTING 1 LINE
----------------------------------------------------------------------
 1 | ERROR | [x] End of line character is invalid; expected "\n" but
   |       |     found "\r\n"
----------------------------------------------------------------------
PHPCBF CAN FIX THE 1 MARKED SNIFF VIOLATIONS AUTOMATICALLY
----------------------------------------------------------------------


FILE: ...syPHP-Devserver-16.1\eds-www\statb\src\Service\PlayerService.php
----------------------------------------------------------------------
FOUND 1 ERROR AFFECTING 1 LINE
----------------------------------------------------------------------
 1 | ERROR | [x] End of line character is invalid; expected "\n" but
   |       |     found "\r\n"
----------------------------------------------------------------------
PHPCBF CAN FIX THE 1 MARKED SNIFF VIOLATIONS AUTOMATICALLY
----------------------------------------------------------------------

Time: 7.98 secs; Memory: 10MB

